#
# A fatal error has been detected by the Java Runtime Environment:
#
#  Internal Error (javaCalls.cpp:51), pid=36570, tid=0x0000000000002d03
#  guarantee(thread->is_Java_thread()) failed: crucial check - the VM thread cannot and must not escape to Java code
#
# JRE version: Java(TM) SE Runtime Environment (8.0_191-b12) (build 1.8.0_191-b12)
# Java VM: Java HotSpot(TM) 64-Bit Server VM (25.191-b12 mixed mode bsd-amd64 compressed oops)
# Failed to write core dump. Core dumps have been disabled. To enable core dumping, try "ulimit -c unlimited" before starting Java again
#
# If you would like to submit a bug report, please visit:
#   http://bugreport.java.com/bugreport/crash.jsp
#

---------------  T H R E A D  ---------------

Current thread (0x00007fea8e009000):  VMThread [stack: 0x00007000079d5000,0x0000700007ad5000] [id=11523]

Stack: [0x00007000079d5000,0x0000700007ad5000],  sp=0x0000700007ad3b00,  free space=1018k
Native frames: (J=compiled Java code, j=interpreted, Vv=VM code, C=native code)
V  [libjvm.dylib+0x5b55da]  VMError::report_and_die()+0x3f8
V  [libjvm.dylib+0x1e8ec9]  report_vm_error(char const*, int, char const*, char const*)+0x54
V  [libjvm.dylib+0x2ef0a0]  JavaCallWrapper::JavaCallWrapper(methodHandle, Handle, JavaValue*, Thread*)+0x64
V  [libjvm.dylib+0x2ef958]  JavaCalls::call_helper(JavaValue*, methodHandle*, JavaCallArguments*, Thread*)+0x608
V  [libjvm.dylib+0x2efe8b]  JavaCalls::call_special(JavaValue*, KlassHandle, Symbol*, Symbol*, JavaCallArguments*, Thread*)+0x111
V  [libjvm.dylib+0x243885]  Exceptions::new_exception(Thread*, Symbol*, Symbol*, JavaCallArguments*, Handle, Handle)+0xc7
V  [libjvm.dylib+0x243980]  Exceptions::new_exception(Thread*, Symbol*, Symbol*, JavaCallArguments*, Handle, Handle, Handle)+0x28
V  [libjvm.dylib+0x243bdf]  Exceptions::new_exception(Thread*, Symbol*, char const*, Handle, Handle, Handle, Exceptions::ExceptionMsgToUtf8Mode)+0x169
V  [libjvm.dylib+0x243bfa]  Exceptions::new_exception(Thread*, Symbol*, char const*, Exceptions::ExceptionMsgToUtf8Mode)+0x18
V  [libjvm.dylib+0x2878cb]  GenerateOopMap::verify_error(char const*, ...)+0xed
V  [libjvm.dylib+0x287d97]  GenerateOopMap::set_var(int, CellTypeState)+0x1f
V  [libjvm.dylib+0x287de5]  GenerateOopMap::do_astore(int)+0x3f
V  [libjvm.dylib+0x28a530]  GenerateOopMap::interp_bb(BasicBlock*)+0x104
V  [libjvm.dylib+0x28a77f]  GenerateOopMap::interp_all()+0x31
V  [libjvm.dylib+0x28ad16]  GenerateOopMap::do_interpretation()+0x44
V  [libjvm.dylib+0x28b12f]  GenerateOopMap::compute_map(Thread*)+0x1fb
V  [libjvm.dylib+0x48506d]  OopMapForCacheEntry::compute_map(Thread*)+0x8f
V  [libjvm.dylib+0x485276]  OopMapCacheEntry::fill(methodHandle, int)+0x19e
V  [libjvm.dylib+0x4857a9]  OopMapCache::lookup(methodHandle, int, InterpreterOopMap*) const+0x2f7
V  [libjvm.dylib+0x2c2848]  InstanceKlass::mask_for(methodHandle, int, InterpreterOopMap*)+0xd2
V  [libjvm.dylib+0x452da9]  Method::mask_for(int, InterpreterOopMap*)+0xb3
V  [libjvm.dylib+0x39ad03]  VM_GetOrSetLocal::doit()+0x47
V  [libjvm.dylib+0x5bd259]  VM_Operation::evaluate()+0x4f
V  [libjvm.dylib+0x5bb7f1]  VMThread::evaluate_operation(VM_Operation*)+0xdf
V  [libjvm.dylib+0x5bbc3e]  VMThread::loop()+0x328
V  [libjvm.dylib+0x5bb55d]  VMThread::run()+0x79
V  [libjvm.dylib+0x48e0be]  java_start(Thread*)+0xf6
C  [libsystem_pthread.dylib+0x3661]  _pthread_body+0x154
C  [libsystem_pthread.dylib+0x350d]  _pthread_body+0x0
C  [libsystem_pthread.dylib+0x2bf9]  thread_start+0xd

VM_Operation (0x0000700007ee0958): GetOrSetLocal, mode: safepoint, requested by thread 0x00007fea8d019800


---------------  P R O C E S S  ---------------

Java Threads: ( => current thread )
  0x00007fea8e0c8000 JavaThread "ReaderThread" [_thread_in_native, id=16387, stack(0x00007000085f9000,0x00007000086f9000)]
  0x00007fea8d829000 JavaThread "Service Thread" daemon [_thread_blocked, id=17411, stack(0x00007000083f3000,0x00007000084f3000)]
  0x00007fea8d020000 JavaThread "C1 CompilerThread2" daemon [_thread_blocked, id=15619, stack(0x00007000082f0000,0x00007000083f0000)]
  0x00007fea8d002000 JavaThread "C2 CompilerThread1" daemon [_thread_blocked, id=15363, stack(0x00007000081ed000,0x00007000082ed000)]
  0x00007fea8c81b800 JavaThread "C2 CompilerThread0" daemon [_thread_blocked, id=15107, stack(0x00007000080ea000,0x00007000081ea000)]
  0x00007fea8d001800 JavaThread "JDWP Command Reader" daemon [_thread_in_native, id=14851, stack(0x0000700007fe7000,0x00007000080e7000)]
  0x00007fea8e041000 JavaThread "JDWP Event Helper Thread" daemon [_thread_blocked, id=18691, stack(0x0000700007ee4000,0x0000700007fe4000)]
  0x00007fea8d019800 JavaThread "JDWP Transport Listener: dt_socket" daemon [_thread_blocked, id=14343, stack(0x0000700007de1000,0x0000700007ee1000)]
  0x00007fea8e00c800 JavaThread "Signal Dispatcher" daemon [_thread_blocked, id=13831, stack(0x0000700007cde000,0x0000700007dde000)]
  0x00007fea8c80e800 JavaThread "Finalizer" daemon [_thread_blocked, id=12035, stack(0x0000700007bdb000,0x0000700007cdb000)]
  0x00007fea8c80e000 JavaThread "Reference Handler" daemon [_thread_blocked, id=11779, stack(0x0000700007ad8000,0x0000700007bd8000)]
  0x00007fea8c808000 JavaThread "main" [_thread_blocked, id=9731, stack(0x00007000074c6000,0x00007000075c6000)]

Other Threads:
=>0x00007fea8e009000 VMThread [stack: 0x00007000079d5000,0x0000700007ad5000] [id=11523]
  0x00007fea8d029000 WatcherThread [stack: 0x00007000084f6000,0x00007000085f6000] [id=16131]

VM state:at safepoint (normal execution)

VM Mutex/Monitor currently owned by a thread:  ([mutex/lock_event])
[0x00007fea8c404dd0] Threads_lock - owner thread: 0x00007fea8e009000

Heap:
 PSYoungGen      total 38400K, used 16732K [0x0000000795580000, 0x0000000798000000, 0x00000007c0000000)
  eden space 33280K, 50% used [0x0000000795580000,0x00000007965d72b8,0x0000000797600000)
  from space 5120K, 0% used [0x0000000797b00000,0x0000000797b00000,0x0000000798000000)
  to   space 5120K, 0% used [0x0000000797600000,0x0000000797600000,0x0000000797b00000)
 ParOldGen       total 87552K, used 0K [0x0000000740000000, 0x0000000745580000, 0x0000000795580000)
  object space 87552K, 0% used [0x0000000740000000,0x0000000740000000,0x0000000745580000)
 Metaspace       used 7126K, capacity 7224K, committed 7296K, reserved 1056768K
  class space    used 791K, capacity 850K, committed 896K, reserved 1048576K

Card table byte_map: [0x0000000110808000,0x0000000110c09000] byte_map_base: 0x000000010ce08000

Marking Bits: (ParMarkBitMap*) 0x000000010fcf9e00
 Begin Bits: [0x0000000110eb4000, 0x0000000112eb4000)
 End Bits:   [0x0000000112eb4000, 0x0000000114eb4000)

Polling page: 0x000000010eb90000

CodeCache: size=245760Kb used=2435Kb max_used=2435Kb free=243324Kb
 bounds [0x000000011e389000, 0x000000011e5f9000, 0x000000012d389000]
 total_blobs=697 nmethods=379 adapters=240
 compilation: enabled

Compilation events (10 events):
Event: 1.439 Thread 0x00007fea8d020000  375       3       org.eclipse.jdt.launching.internal.org.objectweb.asm.ClassReader::<init> (367 bytes)
Event: 1.441 Thread 0x00007fea8d020000 nmethod 375 0x000000011e5e1610 code [0x000000011e5e18c0, 0x000000011e5e2c78]
Event: 1.444 Thread 0x00007fea8d020000  376       3       java.util.zip.ZipFile::ensureOpen (37 bytes)
Event: 1.444 Thread 0x00007fea8d020000 nmethod 376 0x000000011e5e3c10 code [0x000000011e5e3dc0, 0x000000011e5e4158]
Event: 1.444 Thread 0x00007fea8d020000  377       3       java.util.zip.ZipCoder::getBytes (192 bytes)
Event: 1.448 Thread 0x00007fea8d020000 nmethod 377 0x000000011e5e4310 code [0x000000011e5e46e0, 0x000000011e5e6a58]
Event: 1.448 Thread 0x00007fea8d020000  378       3       java.util.jar.Attributes::getValue (9 bytes)
Event: 1.449 Thread 0x00007fea8d020000 nmethod 378 0x000000011e5e7ed0 code [0x000000011e5e8060, 0x000000011e5e83e8]
Event: 1.449 Thread 0x00007fea8d020000  379       3       java.util.jar.Attributes::get (11 bytes)
Event: 1.449 Thread 0x00007fea8d020000 nmethod 379 0x000000011e5e8510 code [0x000000011e5e8680, 0x000000011e5e88a8]

GC Heap History (0 events):
No events

Deoptimization events (0 events):
No events

Classes redefined (5 events):
Event: 217.583 Thread 0x00007fea8e009000 redefined class name=com.techelevator.view.VendingMachine, count=1
Event: 535.670 Thread 0x00007fea8e009000 redefined class name=com.techelevator.view.VendingMachine, count=2
Event: 645.320 Thread 0x00007fea8e009000 redefined class name=com.techelevator.view.VendingMachineTest, count=1
Event: 652.464 Thread 0x00007fea8e009000 redefined class name=com.techelevator.view.VendingMachineTest, count=2
Event: 660.088 Thread 0x00007fea8e009000 redefined class name=com.techelevator.view.VendingMachineTest, count=3

Internal exceptions (6 events):
Event: 0.073 Thread 0x00007fea8c808000 Exception <a 'java/lang/NoSuchMethodError': Method sun.misc.Unsafe.defineClass(Ljava/lang/String;[BII)Ljava/lang/Class; name or signature does not match> (0x0000000795587cb0) thrown at [/Users/java_re/workspace/8-2-build-macosx-x86_64/jdk8u191/11896/hotsp
Event: 0.073 Thread 0x00007fea8c808000 Exception <a 'java/lang/NoSuchMethodError': Method sun.misc.Unsafe.prefetchRead(Ljava/lang/Object;J)V name or signature does not match> (0x0000000795587f98) thrown at [/Users/java_re/workspace/8-2-build-macosx-x86_64/jdk8u191/11896/hotspot/src/share/vm/pr
Event: 1.567 Thread 0x00007fea8c808000 Exception <a 'java/security/PrivilegedActionException'> (0x00000007964f1218) thrown at [/Users/java_re/workspace/8-2-build-macosx-x86_64/jdk8u191/11896/hotspot/src/share/vm/prims/jvm.cpp, line 1435]
Event: 1.567 Thread 0x00007fea8c808000 Exception <a 'java/security/PrivilegedActionException'> (0x00000007964f1610) thrown at [/Users/java_re/workspace/8-2-build-macosx-x86_64/jdk8u191/11896/hotspot/src/share/vm/prims/jvm.cpp, line 1435]
Event: 1.587 Thread 0x00007fea8c808000 Exception <a 'java/security/PrivilegedActionException'> (0x00000007964f4ef8) thrown at [/Users/java_re/workspace/8-2-build-macosx-x86_64/jdk8u191/11896/hotspot/src/share/vm/prims/jvm.cpp, line 1435]
Event: 1.587 Thread 0x00007fea8c808000 Exception <a 'java/security/PrivilegedActionException'> (0x00000007964f52f0) thrown at [/Users/java_re/workspace/8-2-build-macosx-x86_64/jdk8u191/11896/hotspot/src/share/vm/prims/jvm.cpp, line 1435]

Events (10 events):
Event: 660.108 Executing VM operation: GetCurrentContendedMonitor done
Event: 660.108 Executing VM operation: GetOwnedMonitorInfo
Event: 660.108 Executing VM operation: GetOwnedMonitorInfo done
Event: 660.108 Executing VM operation: GetCurrentContendedMonitor
Event: 660.109 Executing VM operation: GetCurrentContendedMonitor done
Event: 660.109 Executing VM operation: GetCurrentContendedMonitor
Event: 660.109 Executing VM operation: GetCurrentContendedMonitor done
Event: 660.109 Executing VM operation: GetOwnedMonitorInfo
Event: 660.109 Executing VM operation: GetOwnedMonitorInfo done
Event: 660.878 Executing VM operation: GetOrSetLocal


Dynamic libraries:
0x00007fff34222000 	/System/Library/Frameworks/Cocoa.framework/Versions/A/Cocoa
0x00007fff407f9000 	/System/Library/Frameworks/Security.framework/Versions/A/Security
0x00007fff32e66000 	/System/Library/Frameworks/ApplicationServices.framework/Versions/A/ApplicationServices
0x00007fff5cb5a000 	/usr/lib/libz.1.dylib
0x00007fff5aa95000 	/usr/lib/libSystem.B.dylib
0x00007fff5c144000 	/usr/lib/libobjc.A.dylib
0x00007fff349d7000 	/System/Library/Frameworks/CoreFoundation.framework/Versions/A/CoreFoundation
0x00007fff36b2b000 	/System/Library/Frameworks/Foundation.framework/Versions/C/Foundation
0x00007fff31fb6000 	/System/Library/Frameworks/AppKit.framework/Versions/C/AppKit
0x00007fff3459a000 	/System/Library/Frameworks/CoreData.framework/Versions/A/CoreData
0x00007fff543e9000 	/System/Library/PrivateFrameworks/RemoteViewServices.framework/Versions/A/RemoteViewServices
0x00007fff58b3a000 	/System/Library/PrivateFrameworks/UIFoundation.framework/Versions/A/UIFoundation
0x00007fff4924b000 	/System/Library/PrivateFrameworks/DFRFoundation.framework/Versions/A/DFRFoundation
0x00007fff3916f000 	/System/Library/Frameworks/Metal.framework/Versions/A/Metal
0x00007fff493e8000 	/System/Library/PrivateFrameworks/DesktopServicesPriv.framework/Versions/A/DesktopServicesPriv
0x00007fff5b69a000 	/usr/lib/libenergytrace.dylib
0x00007fff56baf000 	/System/Library/PrivateFrameworks/SkyLight.framework/Versions/A/SkyLight
0x00007fff34e7a000 	/System/Library/Frameworks/CoreGraphics.framework/Versions/A/CoreGraphics
0x00007fff5aa90000 	/usr/lib/libScreenReader.dylib
0x00007fff30f51000 	/System/Library/Frameworks/Accelerate.framework/Versions/A/Accelerate
0x00007fff372a4000 	/System/Library/Frameworks/IOSurface.framework/Versions/A/IOSurface
0x00007fff333b0000 	/System/Library/Frameworks/AudioToolbox.framework/Versions/A/AudioToolbox
0x00007fff3363f000 	/System/Library/Frameworks/AudioUnit.framework/Versions/A/AudioUnit
0x00007fff492e3000 	/System/Library/PrivateFrameworks/DataDetectorsCore.framework/Versions/A/DataDetectorsCore
0x00007fff33d15000 	/System/Library/Frameworks/Carbon.framework/Versions/A/Frameworks/HIToolbox.framework/Versions/A/HIToolbox
0x00007fff5b7f4000 	/usr/lib/libicucore.A.dylib
0x00007fff3fd7a000 	/System/Library/Frameworks/QuartzCore.framework/Versions/A/QuartzCore
0x00007fff55e66000 	/System/Library/PrivateFrameworks/SignpostNotification.framework/Versions/A/SignpostNotification
0x00007fff340fb000 	/System/Library/Frameworks/Carbon.framework/Versions/A/Frameworks/SpeechRecognition.framework/Versions/A/SpeechRecognition
0x00007fff5abf1000 	/usr/lib/libauto.dylib
0x00007fff5ca49000 	/usr/lib/libxml2.2.dylib
0x00007fff48e9e000 	/System/Library/PrivateFrameworks/CoreUI.framework/Versions/A/CoreUI
0x00007fff34476000 	/System/Library/Frameworks/CoreAudio.framework/Versions/A/CoreAudio
0x00007fff36965000 	/System/Library/Frameworks/DiskArbitration.framework/Versions/A/DiskArbitration
0x00007fff5ba68000 	/usr/lib/liblangid.dylib
0x00007fff508f9000 	/System/Library/PrivateFrameworks/MultitouchSupport.framework/Versions/A/MultitouchSupport
0x00007fff37207000 	/System/Library/Frameworks/IOKit.framework/Versions/A/IOKit
0x00007fff5a71f000 	/usr/lib/libDiagnosticMessagesClient.dylib
0x00007fff35b43000 	/System/Library/Frameworks/CoreServices.framework/Versions/A/CoreServices
0x00007fff52427000 	/System/Library/PrivateFrameworks/PerformanceAnalysis.framework/Versions/A/PerformanceAnalysis
0x00007fff3ef1c000 	/System/Library/Frameworks/OpenGL.framework/Versions/A/OpenGL
0x00007fff34230000 	/System/Library/Frameworks/ColorSync.framework/Versions/A/ColorSync
0x00007fff3548c000 	/System/Library/Frameworks/CoreImage.framework/Versions/A/CoreImage
0x00007fff364d3000 	/System/Library/Frameworks/CoreText.framework/Versions/A/CoreText
0x00007fff37302000 	/System/Library/Frameworks/ImageIO.framework/Versions/A/ImageIO
0x00007fff455e6000 	/System/Library/PrivateFrameworks/Backup.framework/Versions/A/Backup
0x00007fff5ab41000 	/usr/lib/libarchive.2.dylib
0x00007fff33961000 	/System/Library/Frameworks/CFNetwork.framework/Versions/A/CFNetwork
0x00007fff40f89000 	/System/Library/Frameworks/SystemConfiguration.framework/Versions/A/SystemConfiguration
0x00007fff5a648000 	/usr/lib/libCRFSuite.dylib
0x00007fff5acca000 	/usr/lib/libc++.1.dylib
0x00007fff5ad21000 	/usr/lib/libc++abi.dylib
0x00007fff5cc08000 	/usr/lib/system/libcache.dylib
0x00007fff5cc0d000 	/usr/lib/system/libcommonCrypto.dylib
0x00007fff5cc18000 	/usr/lib/system/libcompiler_rt.dylib
0x00007fff5cc20000 	/usr/lib/system/libcopyfile.dylib
0x00007fff5cc2a000 	/usr/lib/system/libcorecrypto.dylib
0x00007fff5cd37000 	/usr/lib/system/libdispatch.dylib
0x00007fff5cd71000 	/usr/lib/system/libdyld.dylib
0x00007fff5cd8f000 	/usr/lib/system/libkeymgr.dylib
0x00007fff5cd9d000 	/usr/lib/system/liblaunch.dylib
0x00007fff5cd9e000 	/usr/lib/system/libmacho.dylib
0x00007fff5cda3000 	/usr/lib/system/libquarantine.dylib
0x00007fff5cda6000 	/usr/lib/system/libremovefile.dylib
0x00007fff5cda8000 	/usr/lib/system/libsystem_asl.dylib
0x00007fff5cdc0000 	/usr/lib/system/libsystem_blocks.dylib
0x00007fff5cdc1000 	/usr/lib/system/libsystem_c.dylib
0x00007fff5ce4b000 	/usr/lib/system/libsystem_configuration.dylib
0x00007fff5ce4f000 	/usr/lib/system/libsystem_coreservices.dylib
0x00007fff5ce53000 	/usr/lib/system/libsystem_darwin.dylib
0x00007fff5ce55000 	/usr/lib/system/libsystem_dnssd.dylib
0x00007fff5ce5c000 	/usr/lib/system/libsystem_info.dylib
0x00007fff5cecd000 	/usr/lib/system/libsystem_m.dylib
0x00007fff5cf19000 	/usr/lib/system/libsystem_malloc.dylib
0x00007fff5cf39000 	/usr/lib/system/libsystem_network.dylib
0x00007fff5d06a000 	/usr/lib/system/libsystem_networkextension.dylib
0x00007fff5d075000 	/usr/lib/system/libsystem_notify.dylib
0x00007fff5d093000 	/usr/lib/system/libsystem_sandbox.dylib
0x00007fff5d097000 	/usr/lib/system/libsystem_secinit.dylib
0x00007fff5cea6000 	/usr/lib/system/libsystem_kernel.dylib
0x00007fff5d07f000 	/usr/lib/system/libsystem_platform.dylib
0x00007fff5d087000 	/usr/lib/system/libsystem_pthread.dylib
0x00007fff5d099000 	/usr/lib/system/libsystem_symptoms.dylib
0x00007fff5d0a1000 	/usr/lib/system/libsystem_trace.dylib
0x00007fff5d0b6000 	/usr/lib/system/libunwind.dylib
0x00007fff5d0bc000 	/usr/lib/system/libxpc.dylib
0x00007fff5a55b000 	/usr/lib/closure/libclosured.dylib
0x00007fff5acab000 	/usr/lib/libbsm.0.dylib
0x00007fff5cd90000 	/usr/lib/system/libkxld.dylib
0x00007fff5a959000 	/usr/lib/libOpenScriptingUtil.dylib
0x00007fff5b019000 	/usr/lib/libcoretls.dylib
0x00007fff5b032000 	/usr/lib/libcoretls_cfhelpers.dylib
0x00007fff5c545000 	/usr/lib/libpam.2.dylib
0x00007fff5c66c000 	/usr/lib/libsqlite3.dylib
0x00007fff5ca38000 	/usr/lib/libxar.1.dylib
0x00007fff5acbc000 	/usr/lib/libbz2.1.0.dylib
0x00007fff5ba6a000 	/usr/lib/liblzma.5.dylib
0x00007fff5bf4b000 	/usr/lib/libnetwork.dylib
0x00007fff5ab2a000 	/usr/lib/libapple_nghttp2.dylib
0x00007fff5c54c000 	/usr/lib/libpcap.A.dylib
0x00007fff5abf2000 	/usr/lib/libboringssl.dylib
0x00007fff5c9d3000 	/usr/lib/libusrtcp.dylib
0x00007fff5ab29000 	/usr/lib/libapple_crypto.dylib
0x00007fff35ec6000 	/System/Library/Frameworks/CoreServices.framework/Versions/A/Frameworks/FSEvents.framework/Versions/A/FSEvents
0x00007fff35bb9000 	/System/Library/Frameworks/CoreServices.framework/Versions/A/Frameworks/CarbonCore.framework/Versions/A/CarbonCore
0x00007fff3608d000 	/System/Library/Frameworks/CoreServices.framework/Versions/A/Frameworks/Metadata.framework/Versions/A/Metadata
0x00007fff3613e000 	/System/Library/Frameworks/CoreServices.framework/Versions/A/Frameworks/OSServices.framework/Versions/A/OSServices
0x00007fff3619f000 	/System/Library/Frameworks/CoreServices.framework/Versions/A/Frameworks/SearchKit.framework/Versions/A/SearchKit
0x00007fff35b44000 	/System/Library/Frameworks/CoreServices.framework/Versions/A/Frameworks/AE.framework/Versions/A/AE
0x00007fff35ecf000 	/System/Library/Frameworks/CoreServices.framework/Versions/A/Frameworks/LaunchServices.framework/Versions/A/LaunchServices
0x00007fff35e91000 	/System/Library/Frameworks/CoreServices.framework/Versions/A/Frameworks/DictionaryServices.framework/Versions/A/DictionaryServices
0x00007fff3620e000 	/System/Library/Frameworks/CoreServices.framework/Versions/A/Frameworks/SharedFileList.framework/Versions/A/SharedFileList
0x00007fff3a3a5000 	/System/Library/Frameworks/NetFS.framework/Versions/A/NetFS
0x00007fff50b8a000 	/System/Library/PrivateFrameworks/NetAuth.framework/Versions/A/NetAuth
0x00007fff5a3f2000 	/System/Library/PrivateFrameworks/login.framework/Versions/A/Frameworks/loginsupport.framework/Versions/A/loginsupport
0x00007fff587bb000 	/System/Library/PrivateFrameworks/TCC.framework/Versions/A/TCC
0x00007fff5bb4b000 	/usr/lib/libmecabra.dylib
0x00007fff32e67000 	/System/Library/Frameworks/ApplicationServices.framework/Versions/A/Frameworks/ATS.framework/Versions/A/ATS
0x00007fff33215000 	/System/Library/Frameworks/ApplicationServices.framework/Versions/A/Frameworks/ColorSyncLegacy.framework/Versions/A/ColorSyncLegacy
0x00007fff332b9000 	/System/Library/Frameworks/ApplicationServices.framework/Versions/A/Frameworks/HIServices.framework/Versions/A/HIServices
0x00007fff3330c000 	/System/Library/Frameworks/ApplicationServices.framework/Versions/A/Frameworks/LangAnalysis.framework/Versions/A/LangAnalysis
0x00007fff3331b000 	/System/Library/Frameworks/ApplicationServices.framework/Versions/A/Frameworks/PrintCore.framework/Versions/A/PrintCore
0x00007fff33368000 	/System/Library/Frameworks/ApplicationServices.framework/Versions/A/Frameworks/QD.framework/Versions/A/QD
0x00007fff333a3000 	/System/Library/Frameworks/ApplicationServices.framework/Versions/A/Frameworks/SpeechSynthesis.framework/Versions/A/SpeechSynthesis
0x00007fff348f1000 	/System/Library/Frameworks/CoreDisplay.framework/Versions/A/CoreDisplay
0x00007fff30f69000 	/System/Library/Frameworks/Accelerate.framework/Versions/A/Frameworks/vImage.framework/Versions/A/vImage
0x00007fff31cc3000 	/System/Library/Frameworks/Accelerate.framework/Versions/A/Frameworks/vecLib.framework/Versions/A/vecLib
0x00007fff31a63000 	/System/Library/Frameworks/Accelerate.framework/Versions/A/Frameworks/vecLib.framework/Versions/A/libvDSP.dylib
0x00007fff315c3000 	/System/Library/Frameworks/Accelerate.framework/Versions/A/Frameworks/vecLib.framework/Versions/A/libBNNS.dylib
0x00007fff319c8000 	/System/Library/Frameworks/Accelerate.framework/Versions/A/Frameworks/vecLib.framework/Versions/A/libQuadrature.dylib
0x00007fff31c11000 	/System/Library/Frameworks/Accelerate.framework/Versions/A/Frameworks/vecLib.framework/Versions/A/libvMisc.dylib
0x00007fff315f2000 	/System/Library/Frameworks/Accelerate.framework/Versions/A/Frameworks/vecLib.framework/Versions/A/libLAPACK.dylib
0x00007fff31468000 	/System/Library/Frameworks/Accelerate.framework/Versions/A/Frameworks/vecLib.framework/Versions/A/libBLAS.dylib
0x00007fff319b2000 	/System/Library/Frameworks/Accelerate.framework/Versions/A/Frameworks/vecLib.framework/Versions/A/libLinearAlgebra.dylib
0x00007fff319ce000 	/System/Library/Frameworks/Accelerate.framework/Versions/A/Frameworks/vecLib.framework/Versions/A/libSparse.dylib
0x00007fff31a4f000 	/System/Library/Frameworks/Accelerate.framework/Versions/A/Frameworks/vecLib.framework/Versions/A/libSparseBLAS.dylib
0x00007fff4da24000 	/System/Library/PrivateFrameworks/GPUWrangler.framework/Versions/A/GPUWrangler
0x00007fff4f1a1000 	/System/Library/PrivateFrameworks/IOAccelerator.framework/Versions/A/IOAccelerator
0x00007fff4f1ac000 	/System/Library/PrivateFrameworks/IOPresentment.framework/Versions/A/IOPresentment
0x00007fff4925d000 	/System/Library/PrivateFrameworks/DSExternalDisplay.framework/Versions/A/DSExternalDisplay
0x00007fff3e39c000 	/System/Library/Frameworks/OpenGL.framework/Versions/A/Libraries/libCoreFSCache.dylib
0x00007fff36624000 	/System/Library/Frameworks/CoreVideo.framework/Versions/A/CoreVideo
0x00007fff4e79f000 	/System/Library/PrivateFrameworks/GraphVisualizer.framework/Versions/A/GraphVisualizer
0x00007fff393a6000 	/System/Library/Frameworks/MetalPerformanceShaders.framework/Versions/A/MetalPerformanceShaders
0x00007fff5a757000 	/usr/lib/libFosl_dynamic.dylib
0x00007fff4a32e000 	/System/Library/PrivateFrameworks/FaceCore.framework/Versions/A/FaceCore
0x00007fff3d1a3000 	/System/Library/Frameworks/OpenCL.framework/Versions/A/OpenCL
0x00007fff5ad58000 	/usr/lib/libcompression.dylib
0x00007fff32f66000 	/System/Library/Frameworks/ApplicationServices.framework/Versions/A/Frameworks/ATS.framework/Versions/A/Resources/libFontParser.dylib
0x00007fff33089000 	/System/Library/Frameworks/ApplicationServices.framework/Versions/A/Frameworks/ATS.framework/Versions/A/Resources/libFontRegistry.dylib
0x00007fff37569000 	/System/Library/Frameworks/ImageIO.framework/Versions/A/Resources/libJPEG.dylib
0x00007fff37892000 	/System/Library/Frameworks/ImageIO.framework/Versions/A/Resources/libTIFF.dylib
0x00007fff37868000 	/System/Library/Frameworks/ImageIO.framework/Versions/A/Resources/libPng.dylib
0x00007fff3747c000 	/System/Library/Frameworks/ImageIO.framework/Versions/A/Resources/libGIF.dylib
0x00007fff37481000 	/System/Library/Frameworks/ImageIO.framework/Versions/A/Resources/libJP2.dylib
0x00007fff3788f000 	/System/Library/Frameworks/ImageIO.framework/Versions/A/Resources/libRadiance.dylib
0x00007fff44d13000 	/System/Library/PrivateFrameworks/AppleJPEG.framework/Versions/A/AppleJPEG
0x00007fff3920d000 	/System/Library/Frameworks/MetalPerformanceShaders.framework/Frameworks/MPSCore.framework/Versions/A/MPSCore
0x00007fff39229000 	/System/Library/Frameworks/MetalPerformanceShaders.framework/Frameworks/MPSImage.framework/Versions/A/MPSImage
0x00007fff392be000 	/System/Library/Frameworks/MetalPerformanceShaders.framework/Frameworks/MPSNeuralNetwork.framework/Versions/A/MPSNeuralNetwork
0x00007fff39299000 	/System/Library/Frameworks/MetalPerformanceShaders.framework/Frameworks/MPSMatrix.framework/Versions/A/MPSMatrix
0x00007fff5066f000 	/System/Library/PrivateFrameworks/MetalTools.framework/Versions/A/MetalTools
0x00007fff3e566000 	/System/Library/Frameworks/OpenGL.framework/Versions/A/Libraries/libGLU.dylib
0x00007fff3e3a7000 	/System/Library/Frameworks/OpenGL.framework/Versions/A/Libraries/libGFXShared.dylib
0x00007fff3e3b1000 	/System/Library/Frameworks/OpenGL.framework/Versions/A/Libraries/libGL.dylib
0x00007fff3e3bd000 	/System/Library/Frameworks/OpenGL.framework/Versions/A/Libraries/libGLImage.dylib
0x00007fff3e399000 	/System/Library/Frameworks/OpenGL.framework/Versions/A/Libraries/libCVMSPluginSupport.dylib
0x00007fff3e3a2000 	/System/Library/Frameworks/OpenGL.framework/Versions/A/Libraries/libCoreVMClient.dylib
0x00007fff5b504000 	/usr/lib/libcups.2.dylib
0x00007fff3877c000 	/System/Library/Frameworks/Kerberos.framework/Versions/A/Kerberos
0x00007fff36f61000 	/System/Library/Frameworks/GSS.framework/Versions/A/GSS
0x00007fff5c5ff000 	/usr/lib/libresolv.9.dylib
0x00007fff5b702000 	/usr/lib/libiconv.2.dylib
0x00007fff4e831000 	/System/Library/PrivateFrameworks/Heimdal.framework/Versions/A/Heimdal
0x00007fff5b6d1000 	/usr/lib/libheimdal-asn1.dylib
0x00007fff3d20f000 	/System/Library/Frameworks/OpenDirectory.framework/Versions/A/OpenDirectory
0x00007fff47023000 	/System/Library/PrivateFrameworks/CommonAuth.framework/Versions/A/CommonAuth
0x00007fff3d1f2000 	/System/Library/Frameworks/OpenDirectory.framework/Versions/A/Frameworks/CFOpenDirectory.framework/Versions/A/CFOpenDirectory
0x00007fff40b22000 	/System/Library/Frameworks/SecurityFoundation.framework/Versions/A/SecurityFoundation
0x00007fff43eea000 	/System/Library/PrivateFrameworks/APFS.framework/Versions/A/APFS
0x00007fff5ca34000 	/usr/lib/libutil.dylib
0x00007fff44d96000 	/System/Library/PrivateFrameworks/AppleSauce.framework/Versions/A/AppleSauce
0x00007fff4f989000 	/System/Library/PrivateFrameworks/LinguisticData.framework/Versions/A/LinguisticData
0x00007fff5ba84000 	/usr/lib/libmarisa.dylib
0x00007fff4f943000 	/System/Library/PrivateFrameworks/Lexicon.framework/Versions/A/Lexicon
0x00007fff5a682000 	/usr/lib/libChineseTokenizer.dylib
0x00007fff5ad47000 	/usr/lib/libcmph.dylib
0x00007fff4f84d000 	/System/Library/PrivateFrameworks/LanguageModeling.framework/Versions/A/LanguageModeling
0x00007fff47b2f000 	/System/Library/PrivateFrameworks/CoreEmoji.framework/Versions/A/CoreEmoji
0x00007fff40be0000 	/System/Library/Frameworks/ServiceManagement.framework/Versions/A/ServiceManagement
0x00007fff455de000 	/System/Library/PrivateFrameworks/BackgroundTaskManagement.framework/Versions/A/BackgroundTaskManagement
0x00007fff5cb31000 	/usr/lib/libxslt.1.dylib
0x00007fff34025000 	/System/Library/Frameworks/Carbon.framework/Versions/A/Frameworks/Ink.framework/Versions/A/Ink
0x00007fff589d0000 	/System/Library/PrivateFrameworks/TextureIO.framework/Versions/A/TextureIO
0x00007fff5ab6c000 	/usr/lib/libate.dylib
0x00007fff491bd000 	/System/Library/PrivateFrameworks/CrashReporterSupport.framework/Versions/A/CrashReporterSupport
0x00007fff55d29000 	/System/Library/PrivateFrameworks/Sharing.framework/Versions/A/Sharing
0x00007fff4f58f000 	/System/Library/PrivateFrameworks/IconServices.framework/Versions/A/IconServices
0x00007fff44b98000 	/System/Library/PrivateFrameworks/Apple80211.framework/Versions/A/Apple80211
0x00007fff48fd3000 	/System/Library/PrivateFrameworks/CoreUtils.framework/Versions/A/CoreUtils
0x00007fff3665f000 	/System/Library/Frameworks/CoreWLAN.framework/Versions/A/CoreWLAN
0x00007fff370a3000 	/System/Library/Frameworks/IOBluetooth.framework/Versions/A/IOBluetooth
0x00007fff541f5000 	/System/Library/PrivateFrameworks/ProtocolBuffer.framework/Versions/A/ProtocolBuffer
0x00007fff49158000 	/System/Library/PrivateFrameworks/CoreWiFi.framework/Versions/A/CoreWiFi
0x00007fff34570000 	/System/Library/Frameworks/CoreBluetooth.framework/Versions/A/CoreBluetooth
0x00007fff493a7000 	/System/Library/PrivateFrameworks/DebugSymbols.framework/Versions/A/DebugSymbols
0x00007fff48d8a000 	/System/Library/PrivateFrameworks/CoreSymbolication.framework/Versions/A/CoreSymbolication
0x00007fff581c2000 	/System/Library/PrivateFrameworks/Symbolication.framework/Versions/A/Symbolication
0x00007fff44bc2000 	/System/Library/PrivateFrameworks/AppleFSCompression.framework/Versions/A/AppleFSCompression
0x00007fff57611000 	/System/Library/PrivateFrameworks/SpeechRecognitionCore.framework/Versions/A/SpeechRecognitionCore
0x000000010f400000 	/Library/Java/JavaVirtualMachines/jdk1.8.0_191.jdk/Contents/Home/jre/lib/server/libjvm.dylib
0x00007fff5c901000 	/usr/lib/libstdc++.6.0.9.dylib
0x000000010eb4c000 	/Library/Java/JavaVirtualMachines/jdk1.8.0_191.jdk/Contents/Home/jre/lib/libverify.dylib
0x000000010eb5a000 	/Library/Java/JavaVirtualMachines/jdk1.8.0_191.jdk/Contents/Home/jre/lib/libjava.dylib
0x000000010eb91000 	/Library/Java/JavaVirtualMachines/jdk1.8.0_191.jdk/Contents/Home/jre/lib/libjdwp.dylib
0x000000010ebdc000 	/Library/Java/JavaVirtualMachines/jdk1.8.0_191.jdk/Contents/Home/jre/lib/libnpt.dylib
0x00000001103b4000 	/Library/Java/JavaVirtualMachines/jdk1.8.0_191.jdk/Contents/Home/jre/lib/libinstrument.dylib
0x000000010ebea000 	/Library/Java/JavaVirtualMachines/jdk1.8.0_191.jdk/Contents/Home/jre/lib/libzip.dylib
0x0000000118747000 	/Library/Java/JavaVirtualMachines/jdk1.8.0_191.jdk/Contents/Home/jre/lib/libdt_socket.dylib
0x00000001188ec000 	/Library/Java/JavaVirtualMachines/jdk1.8.0_191.jdk/Contents/Home/jre/lib/libnet.dylib
0x000000011894b000 	/Library/Java/JavaVirtualMachines/jdk1.8.0_191.jdk/Contents/Home/jre/lib/libnio.dylib

VM Arguments:
jvm_args: -agentlib:jdwp=transport=dt_socket,suspend=y,address=localhost:56252 -ea -javaagent:/Users/towen/eclipse/jee-2018-12/Eclipse.app/Contents/Eclipse/configuration/org.eclipse.osgi/398/0/.cp/lib/javaagent-shaded.jar -Dfile.encoding=UTF-8 
java_command: org.eclipse.jdt.internal.junit.runner.RemoteTestRunner -version 3 -port 56251 -testLoaderClass org.eclipse.jdt.internal.junit4.runner.JUnit4TestLoader -loaderpluginname org.eclipse.jdt.junit4.runtime -test com.techelevator.view.VendingMachineTest:successful_purchase
java_class_path (initial): /Users/towen/Development/pair/team3-java-blue-week4-pair-exercises/m1-19_Capstone/target/test-classes:/Users/towen/Development/pair/team3-java-blue-week4-pair-exercises/m1-19_Capstone/target/classes:/Users/towen/.m2/repository/junit/junit/4.12/junit-4.12.jar:/Users/towen/.m2/repository/org/hamcrest/hamcrest-core/1.3/hamcrest-core-1.3.jar:/Users/towen/.m2/repository/org/mockito/mockito-all/1.10.19/mockito-all-1.10.19.jar:/Users/towen/eclipse/jee-2018-12/Eclipse.app/Contents/Eclipse/configuration/org.eclipse.osgi/396/0/.cp:/Users/towen/eclipse/jee-2018-12/Eclipse.app/Contents/Eclipse/configuration/org.eclipse.osgi/395/0/.cp:/Users/towen/eclipse/jee-2018-12/Eclipse.app/Contents/Eclipse/configuration/org.eclipse.osgi/398/0/.cp/lib/javaagent-shaded.jar
Launcher Type: SUN_STANDARD

Environment Variables:
PATH=/usr/bin:/bin:/usr/sbin:/sbin
SHELL=/bin/bash

Signal Handlers:
SIGSEGV: [libjvm.dylib+0x5b5de9], sa_mask[0]=11111111011111110111111111111111, sa_flags=SA_ONSTACK|SA_RESTART|SA_SIGINFO
SIGBUS: [libjvm.dylib+0x5b5de9], sa_mask[0]=11111111011111110111111111111111, sa_flags=SA_RESTART|SA_SIGINFO
SIGFPE: [libjvm.dylib+0x48b6b0], sa_mask[0]=11111111011111110111111111111111, sa_flags=SA_RESTART|SA_SIGINFO
SIGPIPE: [libjvm.dylib+0x48b6b0], sa_mask[0]=11111111011111110111111111111111, sa_flags=SA_RESTART|SA_SIGINFO
SIGXFSZ: [libjvm.dylib+0x48b6b0], sa_mask[0]=11111111011111110111111111111111, sa_flags=SA_RESTART|SA_SIGINFO
SIGILL: [libjvm.dylib+0x48b6b0], sa_mask[0]=11111111011111110111111111111111, sa_flags=SA_RESTART|SA_SIGINFO
SIGUSR1: SIG_DFL, sa_mask[0]=00000000000000000000000000000000, sa_flags=none
SIGUSR2: [libjvm.dylib+0x48b1ce], sa_mask[0]=00100000000000000000000000000000, sa_flags=SA_RESTART|SA_SIGINFO
SIGHUP: [libjvm.dylib+0x489759], sa_mask[0]=11111111011111110111111111111111, sa_flags=SA_RESTART|SA_SIGINFO
SIGINT: [libjvm.dylib+0x489759], sa_mask[0]=11111111011111110111111111111111, sa_flags=SA_RESTART|SA_SIGINFO
SIGTERM: [libjvm.dylib+0x489759], sa_mask[0]=11111111011111110111111111111111, sa_flags=SA_RESTART|SA_SIGINFO
SIGQUIT: [libjvm.dylib+0x489759], sa_mask[0]=11111111011111110111111111111111, sa_flags=SA_RESTART|SA_SIGINFO


---------------  S Y S T E M  ---------------

OS:Bsduname:Darwin 17.5.0 Darwin Kernel Version 17.5.0: Fri Apr 13 19:32:32 PDT 2018; root:xnu-4570.51.2~1/RELEASE_X86_64 x86_64
rlimit: STACK 8192k, CORE 0k, NPROC 709, NOFILE 10240, AS infinity
load average:2.40 2.71 2.36

CPU:total 4 (initial active 4) (2 cores per cpu, 2 threads per core) family 6 model 61 stepping 4, cmov, cx8, fxsr, mmx, sse, sse2, sse3, ssse3, sse4.1, sse4.2, popcnt, avx, avx2, aes, clmul, erms, 3dnowpref, lzcnt, ht, tsc, tscinvbit, bmi1, bmi2, adx

Memory: 4k page, physical 8388608k(3656052k free)

/proc/meminfo:


vm_info: Java HotSpot(TM) 64-Bit Server VM (25.191-b12) for bsd-amd64 JRE (1.8.0_191-b12), built on Oct  6 2018 08:37:07 by "java_re" with gcc 4.2.1 (Based on Apple Inc. build 5658) (LLVM build 2336.11.00)

time: Sat Feb  9 10:52:29 2019
elapsed time: 660 seconds (0d 0h 11m 0s)

